<?xml version="1.0" encoding="UTF-8"?>
<coverage generated="1680164324522" clover="3.2.0">
  <project timestamp="1680164324522" name="All files">
    <metrics statements="54" coveredstatements="32" conditionals="22" coveredconditionals="9" methods="9" coveredmethods="2" elements="85" coveredelements="43" complexity="0" loc="54" ncloc="54" packages="1" files="1" classes="1"/>
    <file name="index.js" path="C:\Users\patel\OneDrive\Documents\GitHub\bmi-app\index.js">
      <metrics statements="54" coveredstatements="32" conditionals="22" coveredconditionals="9" methods="9" coveredmethods="2"/>
      <line num="1" count="1" type="stmt"/>
      <line num="2" count="1" type="stmt"/>
      <line num="3" count="1" type="cond" truecount="2" falsecount="0"/>
      <line num="4" count="1" type="stmt"/>
      <line num="5" count="1" type="stmt"/>
      <line num="6" count="1" type="stmt"/>
      <line num="7" count="1" type="stmt"/>
      <line num="8" count="1" type="stmt"/>
      <line num="9" count="1" type="stmt"/>
      <line num="12" count="1" type="stmt"/>
      <line num="13" count="1" type="stmt"/>
      <line num="15" count="1" type="stmt"/>
      <line num="16" count="1" type="stmt"/>
      <line num="17" count="1" type="stmt"/>
      <line num="19" count="1" type="stmt"/>
      <line num="20" count="0" type="stmt"/>
      <line num="23" count="1" type="stmt"/>
      <line num="24" count="0" type="stmt"/>
      <line num="27" count="1" type="stmt"/>
      <line num="28" count="0" type="stmt"/>
      <line num="31" count="1" type="stmt"/>
      <line num="32" count="0" type="stmt"/>
      <line num="35" count="1" type="stmt"/>
      <line num="36" count="0" type="stmt"/>
      <line num="40" count="1" type="stmt"/>
      <line num="41" count="0" type="stmt"/>
      <line num="45" count="1" type="stmt"/>
      <line num="47" count="1" type="stmt"/>
      <line num="50" count="1" type="stmt"/>
      <line num="51" count="1" type="cond" truecount="1" falsecount="1"/>
      <line num="52" count="0" type="stmt"/>
      <line num="53" count="1" type="cond" truecount="3" falsecount="1"/>
      <line num="54" count="0" type="stmt"/>
      <line num="55" count="1" type="cond" truecount="3" falsecount="1"/>
      <line num="56" count="0" type="stmt"/>
      <line num="58" count="1" type="stmt"/>
      <line num="60" count="1" type="stmt"/>
      <line num="63" count="1" type="stmt"/>
      <line num="64" count="0" type="stmt"/>
      <line num="65" count="0" type="stmt"/>
      <line num="66" count="0" type="cond" truecount="0" falsecount="2"/>
      <line num="67" count="0" type="stmt"/>
      <line num="68" count="0" type="cond" truecount="0" falsecount="4"/>
      <line num="69" count="0" type="stmt"/>
      <line num="70" count="0" type="cond" truecount="0" falsecount="4"/>
      <line num="71" count="0" type="stmt"/>
      <line num="73" count="0" type="stmt"/>
      <line num="75" count="0" type="stmt"/>
      <line num="82" count="0" type="stmt"/>
      <line num="84" count="0" type="stmt"/>
      <line num="85" count="0" type="stmt"/>
      <line num="88" count="1" type="stmt"/>
      <line num="89" count="1" type="stmt"/>
      <line num="91" count="1" type="stmt"/>
    </file>
  </project>
</coverage>
