{"C:\\Users\\patel\\OneDrive\\Documents\\GitHub\\bmi-app\\index.js": {"path":"C:\\Users\\patel\\OneDrive\\Documents\\GitHub\\bmi-app\\index.js","statementMap":{"0":{"start":{"line":1,"column":16},"end":{"line":1,"column":34}},"1":{"start":{"line":2,"column":12},"end":{"line":2,"column":21}},"2":{"start":{"line":3,"column":13},"end":{"line":3,"column":37}},"3":{"start":{"line":4,"column":19},"end":{"line":4,"column":41}},"4":{"start":{"line":5,"column":25},"end":{"line":5,"column":65}},"5":{"start":{"line":6,"column":19},"end":{"line":6,"column":33}},"6":{"start":{"line":7,"column":11},"end":{"line":7,"column":24}},"7":{"start":{"line":8,"column":21},"end":{"line":8,"column":39}},"8":{"start":{"line":9,"column":17},"end":{"line":9,"column":31}},"9":{"start":{"line":12,"column":14},"end":{"line":12,"column":39}},"10":{"start":{"line":13,"column":14},"end":{"line":13,"column":33}},"11":{"start":{"line":15,"column":0},"end":{"line":15,"column":26}},"12":{"start":{"line":16,"column":0},"end":{"line":16,"column":30}},"13":{"start":{"line":17,"column":0},"end":{"line":17,"column":34}},"14":{"start":{"line":19,"column":0},"end":{"line":21,"column":3}},"15":{"start":{"line":20,"column":4},"end":{"line":20,"column":34}},"16":{"start":{"line":23,"column":0},"end":{"line":25,"column":3}},"17":{"start":{"line":24,"column":4},"end":{"line":24,"column":27}},"18":{"start":{"line":27,"column":0},"end":{"line":29,"column":3}},"19":{"start":{"line":28,"column":4},"end":{"line":28,"column":27}},"20":{"start":{"line":31,"column":0},"end":{"line":33,"column":2}},"21":{"start":{"line":32,"column":4},"end":{"line":32,"column":30}},"22":{"start":{"line":35,"column":0},"end":{"line":37,"column":2}},"23":{"start":{"line":36,"column":4},"end":{"line":36,"column":27}},"24":{"start":{"line":40,"column":0},"end":{"line":42,"column":3}},"25":{"start":{"line":41,"column":4},"end":{"line":41,"column":88}},"26":{"start":{"line":45,"column":14},"end":{"line":45,"column":38}},"27":{"start":{"line":47,"column":4},"end":{"line":47,"column":15}},"28":{"start":{"line":50,"column":17},"end":{"line":50,"column":19}},"29":{"start":{"line":51,"column":4},"end":{"line":59,"column":5}},"30":{"start":{"line":52,"column":8},"end":{"line":52,"column":31}},"31":{"start":{"line":53,"column":10},"end":{"line":59,"column":5}},"32":{"start":{"line":54,"column":8},"end":{"line":54,"column":25}},"33":{"start":{"line":55,"column":10},"end":{"line":59,"column":5}},"34":{"start":{"line":56,"column":8},"end":{"line":56,"column":29}},"35":{"start":{"line":58,"column":8},"end":{"line":58,"column":24}},"36":{"start":{"line":60,"column":4},"end":{"line":60,"column":18}},"37":{"start":{"line":63,"column":0},"end":{"line":86,"column":3}},"38":{"start":{"line":64,"column":14},"end":{"line":64,"column":79}},"39":{"start":{"line":65,"column":17},"end":{"line":65,"column":19}},"40":{"start":{"line":66,"column":4},"end":{"line":74,"column":5}},"41":{"start":{"line":67,"column":8},"end":{"line":67,"column":31}},"42":{"start":{"line":68,"column":10},"end":{"line":74,"column":5}},"43":{"start":{"line":69,"column":8},"end":{"line":69,"column":25}},"44":{"start":{"line":70,"column":10},"end":{"line":74,"column":5}},"45":{"start":{"line":71,"column":8},"end":{"line":71,"column":29}},"46":{"start":{"line":73,"column":8},"end":{"line":73,"column":24}},"47":{"start":{"line":75,"column":17},"end":{"line":80,"column":5}},"48":{"start":{"line":82,"column":4},"end":{"line":82,"column":23}},"49":{"start":{"line":84,"column":4},"end":{"line":84,"column":65}},"50":{"start":{"line":85,"column":4},"end":{"line":85,"column":62}},"51":{"start":{"line":88,"column":0},"end":{"line":88,"column":17}},"52":{"start":{"line":89,"column":0},"end":{"line":89,"column":48}},"53":{"start":{"line":91,"column":0},"end":{"line":91,"column":38}}},"fnMap":{"0":{"name":"(anonymous_0)","decl":{"start":{"line":19,"column":21},"end":{"line":19,"column":22}},"loc":{"start":{"line":19,"column":49},"end":{"line":21,"column":1}},"line":19},"1":{"name":"(anonymous_1)","decl":{"start":{"line":23,"column":13},"end":{"line":23,"column":14}},"loc":{"start":{"line":23,"column":41},"end":{"line":25,"column":1}},"line":23},"2":{"name":"(anonymous_2)","decl":{"start":{"line":27,"column":16},"end":{"line":27,"column":17}},"loc":{"start":{"line":27,"column":44},"end":{"line":29,"column":1}},"line":27},"3":{"name":"(anonymous_3)","decl":{"start":{"line":31,"column":20},"end":{"line":31,"column":21}},"loc":{"start":{"line":31,"column":41},"end":{"line":33,"column":1}},"line":31},"4":{"name":"(anonymous_4)","decl":{"start":{"line":35,"column":23},"end":{"line":35,"column":24}},"loc":{"start":{"line":35,"column":46},"end":{"line":37,"column":1}},"line":35},"5":{"name":"(anonymous_5)","decl":{"start":{"line":40,"column":48},"end":{"line":40,"column":49}},"loc":{"start":{"line":40,"column":71},"end":{"line":42,"column":1}},"line":40},"6":{"name":"calcBMI","decl":{"start":{"line":44,"column":9},"end":{"line":44,"column":16}},"loc":{"start":{"line":44,"column":31},"end":{"line":48,"column":1}},"line":44},"7":{"name":"getStatus","decl":{"start":{"line":49,"column":9},"end":{"line":49,"column":18}},"loc":{"start":{"line":49,"column":23},"end":{"line":61,"column":1}},"line":49},"8":{"name":"(anonymous_8)","decl":{"start":{"line":63,"column":57},"end":{"line":63,"column":58}},"loc":{"start":{"line":63,"column":80},"end":{"line":86,"column":1}},"line":63}},"branchMap":{"0":{"loc":{"start":{"line":3,"column":13},"end":{"line":3,"column":37}},"type":"binary-expr","locations":[{"start":{"line":3,"column":13},"end":{"line":3,"column":29}},{"start":{"line":3,"column":33},"end":{"line":3,"column":37}}],"line":3},"1":{"loc":{"start":{"line":51,"column":4},"end":{"line":59,"column":5}},"type":"if","locations":[{"start":{"line":51,"column":4},"end":{"line":59,"column":5}},{"start":{"line":53,"column":10},"end":{"line":59,"column":5}}],"line":51},"2":{"loc":{"start":{"line":53,"column":10},"end":{"line":59,"column":5}},"type":"if","locations":[{"start":{"line":53,"column":10},"end":{"line":59,"column":5}},{"start":{"line":55,"column":10},"end":{"line":59,"column":5}}],"line":53},"3":{"loc":{"start":{"line":53,"column":13},"end":{"line":53,"column":36}},"type":"binary-expr","locations":[{"start":{"line":53,"column":13},"end":{"line":53,"column":24}},{"start":{"line":53,"column":28},"end":{"line":53,"column":36}}],"line":53},"4":{"loc":{"start":{"line":55,"column":10},"end":{"line":59,"column":5}},"type":"if","locations":[{"start":{"line":55,"column":10},"end":{"line":59,"column":5}},{"start":{"line":57,"column":9},"end":{"line":59,"column":5}}],"line":55},"5":{"loc":{"start":{"line":55,"column":13},"end":{"line":55,"column":35}},"type":"binary-expr","locations":[{"start":{"line":55,"column":13},"end":{"line":55,"column":22}},{"start":{"line":55,"column":27},"end":{"line":55,"column":35}}],"line":55},"6":{"loc":{"start":{"line":66,"column":4},"end":{"line":74,"column":5}},"type":"if","locations":[{"start":{"line":66,"column":4},"end":{"line":74,"column":5}},{"start":{"line":68,"column":10},"end":{"line":74,"column":5}}],"line":66},"7":{"loc":{"start":{"line":68,"column":10},"end":{"line":74,"column":5}},"type":"if","locations":[{"start":{"line":68,"column":10},"end":{"line":74,"column":5}},{"start":{"line":70,"column":10},"end":{"line":74,"column":5}}],"line":68},"8":{"loc":{"start":{"line":68,"column":13},"end":{"line":68,"column":36}},"type":"binary-expr","locations":[{"start":{"line":68,"column":13},"end":{"line":68,"column":24}},{"start":{"line":68,"column":28},"end":{"line":68,"column":36}}],"line":68},"9":{"loc":{"start":{"line":70,"column":10},"end":{"line":74,"column":5}},"type":"if","locations":[{"start":{"line":70,"column":10},"end":{"line":74,"column":5}},{"start":{"line":72,"column":9},"end":{"line":74,"column":5}}],"line":70},"10":{"loc":{"start":{"line":70,"column":13},"end":{"line":70,"column":35}},"type":"binary-expr","locations":[{"start":{"line":70,"column":13},"end":{"line":70,"column":22}},{"start":{"line":70,"column":27},"end":{"line":70,"column":35}}],"line":70}},"s":{"0":1,"1":1,"2":1,"3":1,"4":1,"5":1,"6":1,"7":1,"8":1,"9":1,"10":1,"11":1,"12":1,"13":1,"14":1,"15":0,"16":1,"17":0,"18":1,"19":0,"20":1,"21":0,"22":1,"23":0,"24":1,"25":0,"26":1,"27":1,"28":1,"29":1,"30":0,"31":1,"32":0,"33":1,"34":0,"35":1,"36":1,"37":1,"38":0,"39":0,"40":0,"41":0,"42":0,"43":0,"44":0,"45":0,"46":0,"47":0,"48":0,"49":0,"50":0,"51":1,"52":1,"53":1},"f":{"0":0,"1":0,"2":0,"3":0,"4":0,"5":0,"6":1,"7":1,"8":0},"b":{"0":[1,1],"1":[0,1],"2":[0,1],"3":[1,1],"4":[0,1],"5":[1,1],"6":[0,0],"7":[0,0],"8":[0,0],"9":[0,0],"10":[0,0]},"_coverageSchema":"1a1c01bbd47fc00a2c39e90264f33305004495a9","hash":"d9a428aaa72140811ef13fd01e6acf2e982d0a40"}
}
